Build started 03/01/2015 02:20:01.
     1>Project "C:\Users\Ines\Documents\GitHub\ProjAEDA-master\ProjAEDA\ConsoleApplication1\ConsoleApplication1\ConsoleApplication1.vcxproj" on node 2 (Build target(s)).
     1>ClCompile:
         C:\Program Files (x86)\Microsoft Visual Studio 12.0\VC\bin\CL.exe /c /ZI /nologo /W3 /WX- /sdl /Od /Oy- /D WIN32 /D _DEBUG /D _CONSOLE /D _LIB /D _CRT_SECURE_NO_WARNINGS /D _UNICODE /D UNICODE /Gm /EHsc /RTC1 /MDd /GS /fp:precise /Zc:wchar_t /Zc:forScope /Fo"Debug\\" /Fd"Debug\vc120.pdb" /Gd /TP /analyze- /errorReport:prompt ..\..\main.cpp
         main.cpp
       Link:
         C:\Program Files (x86)\Microsoft Visual Studio 12.0\VC\bin\link.exe /ERRORREPORT:PROMPT /OUT:"C:\Users\Ines\Documents\GitHub\ProjAEDA-master\ProjAEDA\ConsoleApplication1\Debug\ConsoleApplication1.exe" /INCREMENTAL /NOLOGO kernel32.lib user32.lib gdi32.lib winspool.lib comdlg32.lib advapi32.lib shell32.lib ole32.lib oleaut32.lib uuid.lib odbc32.lib odbccp32.lib /MANIFEST /MANIFESTUAC:"level='asInvoker' uiAccess='false'" /manifest:embed /DEBUG /PDB:"C:\Users\Ines\Documents\GitHub\ProjAEDA-master\ProjAEDA\ConsoleApplication1\Debug\ConsoleApplication1.pdb" /SUBSYSTEM:CONSOLE /TLBID:1 /DYNAMICBASE /NXCOMPAT /IMPLIB:"C:\Users\Ines\Documents\GitHub\ProjAEDA-master\ProjAEDA\ConsoleApplication1\Debug\ConsoleApplication1.lib" /MACHINE:X86 Debug\Application.obj
         Debug\Client.obj
         Debug\Collaborator.obj
         Debug\Cursor.obj
         Debug\CV.obj
         Debug\Date.obj
         Debug\main.obj
         Debug\Menu.obj
         Debug\Project.obj
         Debug\Task.obj
         ConsoleApplication1.vcxproj -> C:\Users\Ines\Documents\GitHub\ProjAEDA-master\ProjAEDA\ConsoleApplication1\Debug\ConsoleApplication1.exe
     1>Done Building Project "C:\Users\Ines\Documents\GitHub\ProjAEDA-master\ProjAEDA\ConsoleApplication1\ConsoleApplication1\ConsoleApplication1.vcxproj" (Build target(s)).

Build succeeded.

Time Elapsed 00:00:01.90
